23-10-12 22:16:25 - Error al insertar datos apellido 5 
PDOException: SQLSTATE[HY093]: Invalid parameter number: number of bound variables does not match number of tokens in C:\xampp\htdocs\ProgRentCar\apiprogrentcar\cliente\cliente.php:170
Stack trace:
#0 C:\xampp\htdocs\ProgRentCar\apiprogrentcar\cliente\cliente.php(170): PDOStatement->execute()
#1 C:\xampp\htdocs\ProgRentCar\apiprogrentcar\cliente\editar.php(45): cliente->update()
#2 {main}
23-10-12 22:17:16 - Error al insertar datos apellido 5 
PDOException: SQLSTATE[HY093]: Invalid parameter number: number of bound variables does not match number of tokens in C:\xampp\htdocs\ProgRentCar\apiprogrentcar\cliente\cliente.php:170
Stack trace:
#0 C:\xampp\htdocs\ProgRentCar\apiprogrentcar\cliente\cliente.php(170): PDOStatement->execute()
#1 C:\xampp\htdocs\ProgRentCar\apiprogrentcar\cliente\editar.php(44): cliente->update()
#2 {main}
23-10-12 22:18:27 - Error al insertar datos apellido 5 
PDOException: SQLSTATE[HY093]: Invalid parameter number: number of bound variables does not match number of tokens in C:\xampp\htdocs\ProgRentCar\apiprogrentcar\cliente\cliente.php:170
Stack trace:
#0 C:\xampp\htdocs\ProgRentCar\apiprogrentcar\cliente\cliente.php(170): PDOStatement->execute()
#1 C:\xampp\htdocs\ProgRentCar\apiprogrentcar\cliente\editar.php(44): cliente->update()
#2 {main}
23-10-12 22:18:52 - Error al insertar datos apellido 5 
PDOException: SQLSTATE[HY093]: Invalid parameter number: number of bound variables does not match number of tokens in C:\xampp\htdocs\ProgRentCar\apiprogrentcar\cliente\cliente.php:170
Stack trace:
#0 C:\xampp\htdocs\ProgRentCar\apiprogrentcar\cliente\cliente.php(170): PDOStatement->execute()
#1 C:\xampp\htdocs\ProgRentCar\apiprogrentcar\cliente\editar.php(44): cliente->update()
#2 {main}
23-10-12 22:21:07 - Error al insertar datos apellido 5 
PDOException: SQLSTATE[HY093]: Invalid parameter number: number of bound variables does not match number of tokens in C:\xampp\htdocs\ProgRentCar\apiprogrentcar\cliente\cliente.php:170
Stack trace:
#0 C:\xampp\htdocs\ProgRentCar\apiprogrentcar\cliente\cliente.php(170): PDOStatement->execute()
#1 C:\xampp\htdocs\ProgRentCar\apiprogrentcar\cliente\editar.php(44): cliente->update()
#2 {main}
23-10-12 22:21:31 - Error al insertar datos apellido 5 
PDOException: SQLSTATE[HY093]: Invalid parameter number: number of bound variables does not match number of tokens in C:\xampp\htdocs\ProgRentCar\apiprogrentcar\cliente\cliente.php:170
Stack trace:
#0 C:\xampp\htdocs\ProgRentCar\apiprogrentcar\cliente\cliente.php(170): PDOStatement->execute()
#1 C:\xampp\htdocs\ProgRentCar\apiprogrentcar\cliente\editar.php(44): cliente->update()
#2 {main}
23-10-12 22:27:24 - Error al insertar datos apellido 5 
PDOException: SQLSTATE[HY093]: Invalid parameter number: number of bound variables does not match number of tokens in C:\xampp\htdocs\ProgRentCar\apiprogrentcar\cliente\cliente.php:170
Stack trace:
#0 C:\xampp\htdocs\ProgRentCar\apiprogrentcar\cliente\cliente.php(170): PDOStatement->execute()
#1 C:\xampp\htdocs\ProgRentCar\apiprogrentcar\cliente\editar.php(44): cliente->update()
#2 {main}
23-10-12 22:27:52 - Error al insertar datos apellido 5 
PDOException: SQLSTATE[HY093]: Invalid parameter number: number of bound variables does not match number of tokens in C:\xampp\htdocs\ProgRentCar\apiprogrentcar\cliente\cliente.php:170
Stack trace:
#0 C:\xampp\htdocs\ProgRentCar\apiprogrentcar\cliente\cliente.php(170): PDOStatement->execute()
#1 C:\xampp\htdocs\ProgRentCar\apiprogrentcar\cliente\editar.php(44): cliente->update()
#2 {main}
23-10-12 22:27:53 - Error al insertar datos apellido 5 
PDOException: SQLSTATE[HY093]: Invalid parameter number: number of bound variables does not match number of tokens in C:\xampp\htdocs\ProgRentCar\apiprogrentcar\cliente\cliente.php:170
Stack trace:
#0 C:\xampp\htdocs\ProgRentCar\apiprogrentcar\cliente\cliente.php(170): PDOStatement->execute()
#1 C:\xampp\htdocs\ProgRentCar\apiprogrentcar\cliente\editar.php(44): cliente->update()
#2 {main}
23-10-12 22:27:54 - Error al insertar datos apellido 5 
PDOException: SQLSTATE[HY093]: Invalid parameter number: number of bound variables does not match number of tokens in C:\xampp\htdocs\ProgRentCar\apiprogrentcar\cliente\cliente.php:170
Stack trace:
#0 C:\xampp\htdocs\ProgRentCar\apiprogrentcar\cliente\cliente.php(170): PDOStatement->execute()
#1 C:\xampp\htdocs\ProgRentCar\apiprogrentcar\cliente\editar.php(44): cliente->update()
#2 {main}
PDOException: SQLSTATE[HY093]: Invalid parameter number: number of bound variables does not match number of tokens in C:\xampp\htdocs\ProgRentCar\apiprogrentcar\cliente\cliente.php:170
Stack trace:
#0 C:\xampp\htdocs\ProgRentCar\apiprogrentcar\cliente\cliente.php(170): PDOStatement->execute()
#1 C:\xampp\htdocs\ProgRentCar\apiprogrentcar\cliente\editar.php(44): cliente->update()
#2 {main}
PDOException: SQLSTATE[HY093]: Invalid parameter number: number of bound variables does not match number of tokens in C:\xampp\htdocs\ProgRentCar\apiprogrentcar\cliente\cliente.php:170
Stack trace:
#0 C:\xampp\htdocs\ProgRentCar\apiprogrentcar\cliente\cliente.php(170): PDOStatement->execute()
#1 C:\xampp\htdocs\ProgRentCar\apiprogrentcar\cliente\editar.php(44): cliente->update()
#2 {main}
PDOException: SQLSTATE[HY093]: Invalid parameter number: number of bound variables does not match number of tokens in C:\xampp\htdocs\ProgRentCar\apiprogrentcar\cliente\cliente.php:170
Stack trace:
#0 C:\xampp\htdocs\ProgRentCar\apiprogrentcar\cliente\cliente.php(170): PDOStatement->execute()
#1 C:\xampp\htdocs\ProgRentCar\apiprogrentcar\cliente\editar.php(44): cliente->update()
#2 {main}
PDOException: SQLSTATE[HY093]: Invalid parameter number: number of bound variables does not match number of tokens in C:\xampp\htdocs\ProgRentCar\apiprogrentcar\cliente\cliente.php:170
Stack trace:
#0 C:\xampp\htdocs\ProgRentCar\apiprogrentcar\cliente\cliente.php(170): PDOStatement->execute()
#1 C:\xampp\htdocs\ProgRentCar\apiprogrentcar\cliente\editar.php(44): cliente->update()
#2 {main}
