23-10-15 20:57:28 - Error al insertar datos recepcion 5 
PDOException: SQLSTATE[HY093]: Invalid parameter number: parameter was not defined in C:\xampp\htdocs\ProgRentCar\apiprogrentcar\recepcion\recepcion.php:91
Stack trace:
#0 C:\xampp\htdocs\ProgRentCar\apiprogrentcar\recepcion\recepcion.php(91): PDOStatement->execute()
#1 C:\xampp\htdocs\ProgRentCar\apiprogrentcar\recepcion\agregar.php(44): recepcion->create()
#2 {main}
23-10-15 20:59:54 - Error al insertar datos recepcion 5 
PDOException: SQLSTATE[HY093]: Invalid parameter number: parameter was not defined in C:\xampp\htdocs\ProgRentCar\apiprogrentcar\recepcion\recepcion.php:91
Stack trace:
#0 C:\xampp\htdocs\ProgRentCar\apiprogrentcar\recepcion\recepcion.php(91): PDOStatement->execute()
#1 C:\xampp\htdocs\ProgRentCar\apiprogrentcar\recepcion\agregar.php(44): recepcion->create()
#2 {main}
23-10-15 21:00:25 - Error al insertar datos recepcion 5 
PDOException: SQLSTATE[HY093]: Invalid parameter number: parameter was not defined in C:\xampp\htdocs\ProgRentCar\apiprogrentcar\recepcion\recepcion.php:91
Stack trace:
#0 C:\xampp\htdocs\ProgRentCar\apiprogrentcar\recepcion\recepcion.php(91): PDOStatement->execute()
#1 C:\xampp\htdocs\ProgRentCar\apiprogrentcar\recepcion\agregar.php(44): recepcion->create()
#2 {main}
23-10-15 21:02:44 - Error al insertar datos recepcion 5 
PDOException: SQLSTATE[HY093]: Invalid parameter number: parameter was not defined in C:\xampp\htdocs\ProgRentCar\apiprogrentcar\recepcion\recepcion.php:96
Stack trace:
#0 C:\xampp\htdocs\ProgRentCar\apiprogrentcar\recepcion\recepcion.php(96): PDOStatement->execute()
#1 C:\xampp\htdocs\ProgRentCar\apiprogrentcar\recepcion\agregar.php(44): recepcion->create()
#2 {main}
23-10-15 21:05:45 - Error al insertar datos recepcion 5 
PDOException: SQLSTATE[HY093]: Invalid parameter number: number of bound variables does not match number of tokens in C:\xampp\htdocs\ProgRentCar\apiprogrentcar\recepcion\recepcion.php:159
Stack trace:
#0 C:\xampp\htdocs\ProgRentCar\apiprogrentcar\recepcion\recepcion.php(159): PDOStatement->execute()
#1 C:\xampp\htdocs\ProgRentCar\apiprogrentcar\recepcion\editar.php(45): recepcion->update()
#2 {main}
23-10-15 21:06:05 - Error al insertar datos recepcion 5 
PDOException: SQLSTATE[HY093]: Invalid parameter number: number of bound variables does not match number of tokens in C:\xampp\htdocs\ProgRentCar\apiprogrentcar\recepcion\recepcion.php:159
Stack trace:
#0 C:\xampp\htdocs\ProgRentCar\apiprogrentcar\recepcion\recepcion.php(159): PDOStatement->execute()
#1 C:\xampp\htdocs\ProgRentCar\apiprogrentcar\recepcion\editar.php(45): recepcion->update()
#2 {main}
23-10-15 21:06:21 - Error al insertar datos recepcion 5 
PDOException: SQLSTATE[HY093]: Invalid parameter number: number of bound variables does not match number of tokens in C:\xampp\htdocs\ProgRentCar\apiprogrentcar\recepcion\recepcion.php:159
Stack trace:
#0 C:\xampp\htdocs\ProgRentCar\apiprogrentcar\recepcion\recepcion.php(159): PDOStatement->execute()
#1 C:\xampp\htdocs\ProgRentCar\apiprogrentcar\recepcion\editar.php(45): recepcion->update()
#2 {main}
23-10-15 21:07:06 - Error al insertar datos recepcion 5 
PDOException: SQLSTATE[HY093]: Invalid parameter number: number of bound variables does not match number of tokens in C:\xampp\htdocs\ProgRentCar\apiprogrentcar\recepcion\recepcion.php:159
Stack trace:
#0 C:\xampp\htdocs\ProgRentCar\apiprogrentcar\recepcion\recepcion.php(159): PDOStatement->execute()
#1 C:\xampp\htdocs\ProgRentCar\apiprogrentcar\recepcion\editar.php(45): recepcion->update()
#2 {main}
23-10-15 21:07:07 - Error al insertar datos recepcion 5 
PDOException: SQLSTATE[HY093]: Invalid parameter number: number of bound variables does not match number of tokens in C:\xampp\htdocs\ProgRentCar\apiprogrentcar\recepcion\recepcion.php:159
Stack trace:
#0 C:\xampp\htdocs\ProgRentCar\apiprogrentcar\recepcion\recepcion.php(159): PDOStatement->execute()
#1 C:\xampp\htdocs\ProgRentCar\apiprogrentcar\recepcion\editar.php(45): recepcion->update()
#2 {main}
23-10-15 21:07:07 - Error al insertar datos recepcion 5 
PDOException: SQLSTATE[HY093]: Invalid parameter number: number of bound variables does not match number of tokens in C:\xampp\htdocs\ProgRentCar\apiprogrentcar\recepcion\recepcion.php:159
Stack trace:
#0 C:\xampp\htdocs\ProgRentCar\apiprogrentcar\recepcion\recepcion.php(159): PDOStatement->execute()
#1 C:\xampp\htdocs\ProgRentCar\apiprogrentcar\recepcion\editar.php(45): recepcion->update()
#2 {main}
23-10-15 21:07:09 - Error al insertar datos recepcion 5 
PDOException: SQLSTATE[HY093]: Invalid parameter number: number of bound variables does not match number of tokens in C:\xampp\htdocs\ProgRentCar\apiprogrentcar\recepcion\recepcion.php:159
Stack trace:
#0 C:\xampp\htdocs\ProgRentCar\apiprogrentcar\recepcion\recepcion.php(159): PDOStatement->execute()
#1 C:\xampp\htdocs\ProgRentCar\apiprogrentcar\recepcion\editar.php(45): recepcion->update()
#2 {main}
23-10-15 21:07:09 - Error al insertar datos recepcion 5 
PDOException: SQLSTATE[HY093]: Invalid parameter number: number of bound variables does not match number of tokens in C:\xampp\htdocs\ProgRentCar\apiprogrentcar\recepcion\recepcion.php:159
Stack trace:
#0 C:\xampp\htdocs\ProgRentCar\apiprogrentcar\recepcion\recepcion.php(159): PDOStatement->execute()
#1 C:\xampp\htdocs\ProgRentCar\apiprogrentcar\recepcion\editar.php(45): recepcion->update()
#2 {main}
23-10-15 21:07:10 - Error al insertar datos recepcion 5 
PDOException: SQLSTATE[HY093]: Invalid parameter number: number of bound variables does not match number of tokens in C:\xampp\htdocs\ProgRentCar\apiprogrentcar\recepcion\recepcion.php:159
Stack trace:
#0 C:\xampp\htdocs\ProgRentCar\apiprogrentcar\recepcion\recepcion.php(159): PDOStatement->execute()
#1 C:\xampp\htdocs\ProgRentCar\apiprogrentcar\recepcion\editar.php(45): recepcion->update()
#2 {main}
23-10-15 21:07:10 - Error al insertar datos recepcion 5 
PDOException: SQLSTATE[HY093]: Invalid parameter number: number of bound variables does not match number of tokens in C:\xampp\htdocs\ProgRentCar\apiprogrentcar\recepcion\recepcion.php:159
Stack trace:
#0 C:\xampp\htdocs\ProgRentCar\apiprogrentcar\recepcion\recepcion.php(159): PDOStatement->execute()
#1 C:\xampp\htdocs\ProgRentCar\apiprogrentcar\recepcion\editar.php(45): recepcion->update()
#2 {main}
23-10-15 21:07:11 - Error al insertar datos recepcion 5 
PDOException: SQLSTATE[HY093]: Invalid parameter number: number of bound variables does not match number of tokens in C:\xampp\htdocs\ProgRentCar\apiprogrentcar\recepcion\recepcion.php:159
Stack trace:
#0 C:\xampp\htdocs\ProgRentCar\apiprogrentcar\recepcion\recepcion.php(159): PDOStatement->execute()
#1 C:\xampp\htdocs\ProgRentCar\apiprogrentcar\recepcion\editar.php(45): recepcion->update()
#2 {main}
23-10-15 21:07:11 - Error al insertar datos recepcion 5 
PDOException: SQLSTATE[HY093]: Invalid parameter number: number of bound variables does not match number of tokens in C:\xampp\htdocs\ProgRentCar\apiprogrentcar\recepcion\recepcion.php:159
Stack trace:
#0 C:\xampp\htdocs\ProgRentCar\apiprogrentcar\recepcion\recepcion.php(159): PDOStatement->execute()
#1 C:\xampp\htdocs\ProgRentCar\apiprogrentcar\recepcion\editar.php(45): recepcion->update()
#2 {main}
23-10-15 21:07:11 - Error al insertar datos recepcion 5 
PDOException: SQLSTATE[HY093]: Invalid parameter number: number of bound variables does not match number of tokens in C:\xampp\htdocs\ProgRentCar\apiprogrentcar\recepcion\recepcion.php:159
Stack trace:
#0 C:\xampp\htdocs\ProgRentCar\apiprogrentcar\recepcion\recepcion.php(159): PDOStatement->execute()
#1 C:\xampp\htdocs\ProgRentCar\apiprogrentcar\recepcion\editar.php(45): recepcion->update()
#2 {main}
23-10-15 21:07:12 - Error al insertar datos recepcion 5 
PDOException: SQLSTATE[HY093]: Invalid parameter number: number of bound variables does not match number of tokens in C:\xampp\htdocs\ProgRentCar\apiprogrentcar\recepcion\recepcion.php:159
Stack trace:
#0 C:\xampp\htdocs\ProgRentCar\apiprogrentcar\recepcion\recepcion.php(159): PDOStatement->execute()
#1 C:\xampp\htdocs\ProgRentCar\apiprogrentcar\recepcion\editar.php(45): recepcion->update()
#2 {main}
23-10-15 21:07:19 - Error al insertar datos recepcion 5 
PDOException: SQLSTATE[HY093]: Invalid parameter number: number of bound variables does not match number of tokens in C:\xampp\htdocs\ProgRentCar\apiprogrentcar\recepcion\recepcion.php:159
Stack trace:
#0 C:\xampp\htdocs\ProgRentCar\apiprogrentcar\recepcion\recepcion.php(159): PDOStatement->execute()
#1 C:\xampp\htdocs\ProgRentCar\apiprogrentcar\recepcion\editar.php(45): recepcion->update()
#2 {main}
23-10-15 21:07:20 - Error al insertar datos recepcion 5 
PDOException: SQLSTATE[HY093]: Invalid parameter number: number of bound variables does not match number of tokens in C:\xampp\htdocs\ProgRentCar\apiprogrentcar\recepcion\recepcion.php:159
Stack trace:
#0 C:\xampp\htdocs\ProgRentCar\apiprogrentcar\recepcion\recepcion.php(159): PDOStatement->execute()
#1 C:\xampp\htdocs\ProgRentCar\apiprogrentcar\recepcion\editar.php(45): recepcion->update()
#2 {main}
23-10-15 21:07:21 - Error al insertar datos recepcion 5 
PDOException: SQLSTATE[HY093]: Invalid parameter number: number of bound variables does not match number of tokens in C:\xampp\htdocs\ProgRentCar\apiprogrentcar\recepcion\recepcion.php:159
Stack trace:
#0 C:\xampp\htdocs\ProgRentCar\apiprogrentcar\recepcion\recepcion.php(159): PDOStatement->execute()
#1 C:\xampp\htdocs\ProgRentCar\apiprogrentcar\recepcion\editar.php(45): recepcion->update()
#2 {main}
23-10-15 21:07:21 - Error al insertar datos recepcion 5 
PDOException: SQLSTATE[HY093]: Invalid parameter number: number of bound variables does not match number of tokens in C:\xampp\htdocs\ProgRentCar\apiprogrentcar\recepcion\recepcion.php:159
Stack trace:
#0 C:\xampp\htdocs\ProgRentCar\apiprogrentcar\recepcion\recepcion.php(159): PDOStatement->execute()
#1 C:\xampp\htdocs\ProgRentCar\apiprogrentcar\recepcion\editar.php(45): recepcion->update()
#2 {main}
23-10-15 21:07:56 - Error al insertar datos recepcion 5 
PDOException: SQLSTATE[HY093]: Invalid parameter number: parameter was not defined in C:\xampp\htdocs\ProgRentCar\apiprogrentcar\recepcion\recepcion.php:160
Stack trace:
#0 C:\xampp\htdocs\ProgRentCar\apiprogrentcar\recepcion\recepcion.php(160): PDOStatement->execute()
#1 C:\xampp\htdocs\ProgRentCar\apiprogrentcar\recepcion\editar.php(45): recepcion->update()
#2 {main}
23-10-15 21:09:00 - Error al insertar datos recepcion 5 
PDOException: SQLSTATE[HY093]: Invalid parameter number: parameter was not defined in C:\xampp\htdocs\ProgRentCar\apiprogrentcar\recepcion\recepcion.php:160
Stack trace:
#0 C:\xampp\htdocs\ProgRentCar\apiprogrentcar\recepcion\recepcion.php(160): PDOStatement->execute()
#1 C:\xampp\htdocs\ProgRentCar\apiprogrentcar\recepcion\editar.php(45): recepcion->update()
#2 {main}
23-10-15 21:11:07 - Error al insertar datos recepcion 5 
PDOException: SQLSTATE[HY093]: Invalid parameter number: parameter was not defined in C:\xampp\htdocs\ProgRentCar\apiprogrentcar\recepcion\recepcion.php:160
Stack trace:
#0 C:\xampp\htdocs\ProgRentCar\apiprogrentcar\recepcion\recepcion.php(160): PDOStatement->execute()
#1 C:\xampp\htdocs\ProgRentCar\apiprogrentcar\recepcion\editar.php(45): recepcion->update()
#2 {main}
23-10-15 21:11:18 - Error al insertar datos recepcion 5 
PDOException: SQLSTATE[HY093]: Invalid parameter number: parameter was not defined in C:\xampp\htdocs\ProgRentCar\apiprogrentcar\recepcion\recepcion.php:160
Stack trace:
#0 C:\xampp\htdocs\ProgRentCar\apiprogrentcar\recepcion\recepcion.php(160): PDOStatement->execute()
#1 C:\xampp\htdocs\ProgRentCar\apiprogrentcar\recepcion\editar.php(45): recepcion->update()
#2 {main}
23-10-15 21:11:19 - Error al insertar datos recepcion 5 
PDOException: SQLSTATE[HY093]: Invalid parameter number: parameter was not defined in C:\xampp\htdocs\ProgRentCar\apiprogrentcar\recepcion\recepcion.php:160
Stack trace:
#0 C:\xampp\htdocs\ProgRentCar\apiprogrentcar\recepcion\recepcion.php(160): PDOStatement->execute()
#1 C:\xampp\htdocs\ProgRentCar\apiprogrentcar\recepcion\editar.php(45): recepcion->update()
#2 {main}
23-10-15 21:11:19 - Error al insertar datos recepcion 5 
PDOException: SQLSTATE[HY093]: Invalid parameter number: parameter was not defined in C:\xampp\htdocs\ProgRentCar\apiprogrentcar\recepcion\recepcion.php:160
Stack trace:
#0 C:\xampp\htdocs\ProgRentCar\apiprogrentcar\recepcion\recepcion.php(160): PDOStatement->execute()
#1 C:\xampp\htdocs\ProgRentCar\apiprogrentcar\recepcion\editar.php(45): recepcion->update()
#2 {main}
23-10-15 21:12:04 - Error al insertar datos recepcion 5 
PDOException: SQLSTATE[HY093]: Invalid parameter number: parameter was not defined in C:\xampp\htdocs\ProgRentCar\apiprogrentcar\recepcion\recepcion.php:160
Stack trace:
#0 C:\xampp\htdocs\ProgRentCar\apiprogrentcar\recepcion\recepcion.php(160): PDOStatement->execute()
#1 C:\xampp\htdocs\ProgRentCar\apiprogrentcar\recepcion\editar.php(45): recepcion->update()
#2 {main}
23-10-15 21:12:20 - Error al insertar datos recepcion 5 
PDOException: SQLSTATE[HY093]: Invalid parameter number: parameter was not defined in C:\xampp\htdocs\ProgRentCar\apiprogrentcar\recepcion\recepcion.php:160
Stack trace:
#0 C:\xampp\htdocs\ProgRentCar\apiprogrentcar\recepcion\recepcion.php(160): PDOStatement->execute()
#1 C:\xampp\htdocs\ProgRentCar\apiprogrentcar\recepcion\editar.php(45): recepcion->update()
#2 {main}
23-10-15 21:14:36 - Error al insertar datos recepcion 5 
PDOException: SQLSTATE[HY093]: Invalid parameter number: parameter was not defined in C:\xampp\htdocs\ProgRentCar\apiprogrentcar\recepcion\recepcion.php:160
Stack trace:
#0 C:\xampp\htdocs\ProgRentCar\apiprogrentcar\recepcion\recepcion.php(160): PDOStatement->execute()
#1 C:\xampp\htdocs\ProgRentCar\apiprogrentcar\recepcion\editar.php(45): recepcion->update()
#2 {main}
23-10-15 21:14:36 - Error al insertar datos recepcion 5 
PDOException: SQLSTATE[HY093]: Invalid parameter number: parameter was not defined in C:\xampp\htdocs\ProgRentCar\apiprogrentcar\recepcion\recepcion.php:160
Stack trace:
#0 C:\xampp\htdocs\ProgRentCar\apiprogrentcar\recepcion\recepcion.php(160): PDOStatement->execute()
#1 C:\xampp\htdocs\ProgRentCar\apiprogrentcar\recepcion\editar.php(45): recepcion->update()
#2 {main}
